  alpha_light.cpp
c:\users\rnrjs\desktop\개발\openglfinal\rolling_cube\rolling_cube\stdafx.h(10): warning C4005: 'WIN32_LEAN_AND_MEAN': 매크로 재정의
  c:\program files (x86)\windows kits\10\include\10.0.17134.0\um\gl\freeglut_std.h(58): note: 'WIN32_LEAN_AND_MEAN'의 이전 정의를 참조하십시오.
c:\users\rnrjs\desktop\개발\openglfinal\rolling_cube\rolling_cube\alpha_light.cpp(9): warning C4838: 'int'에서 'GLfloat'(으)로의 변환에는 축소 변환이 필요합니다.
c:\users\rnrjs\desktop\개발\openglfinal\rolling_cube\rolling_cube\alpha_light.cpp(9): warning C4244: '초기화 중': 'int'에서 'GLfloat'(으)로 변환하면서 데이터가 손실될 수 있습니다.
c:\users\rnrjs\desktop\개발\openglfinal\rolling_cube\rolling_cube\alpha_light.cpp(10): warning C4838: 'int'에서 'GLfloat'(으)로의 변환에는 축소 변환이 필요합니다.
c:\users\rnrjs\desktop\개발\openglfinal\rolling_cube\rolling_cube\alpha_light.cpp(10): warning C4244: '초기화 중': 'int'에서 'GLfloat'(으)로 변환하면서 데이터가 손실될 수 있습니다.
c:\users\rnrjs\desktop\개발\openglfinal\rolling_cube\rolling_cube\alpha_light.cpp(11): warning C4838: 'int'에서 'GLfloat'(으)로의 변환에는 축소 변환이 필요합니다.
c:\users\rnrjs\desktop\개발\openglfinal\rolling_cube\rolling_cube\alpha_light.cpp(11): warning C4244: '초기화 중': 'int'에서 'GLfloat'(으)로 변환하면서 데이터가 손실될 수 있습니다.
c:\users\rnrjs\desktop\개발\openglfinal\rolling_cube\rolling_cube\alpha_light.cpp(41): error C2857: /Ycstdafx.h 명령줄 옵션과 함께 지정한 '#include' 문이 소스 파일에 없습니다.
  camera.cpp
c:\users\rnrjs\desktop\개발\openglfinal\rolling_cube\rolling_cube\stdafx.h(10): warning C4005: 'WIN32_LEAN_AND_MEAN': 매크로 재정의
  c:\program files (x86)\windows kits\10\include\10.0.17134.0\um\gl\freeglut_std.h(58): note: 'WIN32_LEAN_AND_MEAN'의 이전 정의를 참조하십시오.
c:\users\rnrjs\desktop\개발\openglfinal\rolling_cube\rolling_cube\camera.cpp(38): error C2857: /Ycstdafx.h 명령줄 옵션과 함께 지정한 '#include' 문이 소스 파일에 없습니다.
  enemy_cube.cpp
c:\users\rnrjs\desktop\개발\openglfinal\rolling_cube\rolling_cube\stdafx.h(10): warning C4005: 'WIN32_LEAN_AND_MEAN': 매크로 재정의
  c:\program files (x86)\windows kits\10\include\10.0.17134.0\um\gl\freeglut_std.h(58): note: 'WIN32_LEAN_AND_MEAN'의 이전 정의를 참조하십시오.
c:\users\rnrjs\desktop\개발\openglfinal\rolling_cube\rolling_cube\enemy_cube.cpp(8): warning C4244: '인수': 'int'에서 'GLfloat'(으)로 변환하면서 데이터가 손실될 수 있습니다.
c:\users\rnrjs\desktop\개발\openglfinal\rolling_cube\rolling_cube\enemy_cube.cpp(13): warning C4244: '인수': 'int'에서 'GLfloat'(으)로 변환하면서 데이터가 손실될 수 있습니다.
c:\users\rnrjs\desktop\개발\openglfinal\rolling_cube\rolling_cube\enemy_cube.cpp(19): warning C4244: '인수': 'int'에서 'GLfloat'(으)로 변환하면서 데이터가 손실될 수 있습니다.
c:\users\rnrjs\desktop\개발\openglfinal\rolling_cube\rolling_cube\enemy_cube.cpp(25): warning C4244: '인수': 'int'에서 'GLfloat'(으)로 변환하면서 데이터가 손실될 수 있습니다.
c:\users\rnrjs\desktop\개발\openglfinal\rolling_cube\rolling_cube\enemy_cube.cpp(31): warning C4244: '인수': 'int'에서 'GLfloat'(으)로 변환하면서 데이터가 손실될 수 있습니다.
c:\users\rnrjs\desktop\개발\openglfinal\rolling_cube\rolling_cube\enemy_cube.cpp(48): warning C4838: 'int'에서 'GLfloat'(으)로의 변환에는 축소 변환이 필요합니다.
c:\users\rnrjs\desktop\개발\openglfinal\rolling_cube\rolling_cube\enemy_cube.cpp(48): warning C4244: '초기화 중': 'int'에서 'GLfloat'(으)로 변환하면서 데이터가 손실될 수 있습니다.
c:\users\rnrjs\desktop\개발\openglfinal\rolling_cube\rolling_cube\enemy_cube.cpp(61): error C2857: /Ycstdafx.h 명령줄 옵션과 함께 지정한 '#include' 문이 소스 파일에 없습니다.
  main.cpp
c:\users\rnrjs\desktop\개발\openglfinal\rolling_cube\rolling_cube\stdafx.h(10): warning C4005: 'WIN32_LEAN_AND_MEAN': 매크로 재정의
  c:\program files (x86)\windows kits\10\include\10.0.17134.0\um\gl\freeglut_std.h(58): note: 'WIN32_LEAN_AND_MEAN'의 이전 정의를 참조하십시오.
c:\users\rnrjs\desktop\개발\openglfinal\rolling_cube\rolling_cube\main.cpp(55): warning C4244: '=': 'double'에서 'int'(으)로 변환하면서 데이터가 손실될 수 있습니다.
c:\users\rnrjs\desktop\개발\openglfinal\rolling_cube\rolling_cube\main.cpp(150): warning C4244: '인수': 'time_t'에서 'unsigned int'(으)로 변환하면서 데이터가 손실될 수 있습니다.
c:\users\rnrjs\desktop\개발\openglfinal\rolling_cube\rolling_cube\main.cpp(777): warning C4326: 'main'의 반환 형식이 'int'이어야 하는데 'void'입니다.
c:\users\rnrjs\desktop\개발\openglfinal\rolling_cube\rolling_cube\main.cpp(827): warning C4244: '초기화 중': 'double'에서 'float'(으)로 변환하면서 데이터가 손실될 수 있습니다.
c:\users\rnrjs\desktop\개발\openglfinal\rolling_cube\rolling_cube\main.cpp(828): warning C4244: '초기화 중': 'double'에서 'float'(으)로 변환하면서 데이터가 손실될 수 있습니다.
c:\users\rnrjs\desktop\개발\openglfinal\rolling_cube\rolling_cube\main.cpp(869): error C2857: /Ycstdafx.h 명령줄 옵션과 함께 지정한 '#include' 문이 소스 파일에 없습니다.
  main_cube.cpp
c:\users\rnrjs\desktop\개발\openglfinal\rolling_cube\rolling_cube\stdafx.h(10): warning C4005: 'WIN32_LEAN_AND_MEAN': 매크로 재정의
  c:\program files (x86)\windows kits\10\include\10.0.17134.0\um\gl\freeglut_std.h(58): note: 'WIN32_LEAN_AND_MEAN'의 이전 정의를 참조하십시오.
c:\users\rnrjs\desktop\개발\openglfinal\rolling_cube\rolling_cube\main_cube.cpp(8): warning C4244: '인수': 'int'에서 'GLfloat'(으)로 변환하면서 데이터가 손실될 수 있습니다.
c:\users\rnrjs\desktop\개발\openglfinal\rolling_cube\rolling_cube\main_cube.cpp(13): warning C4244: '인수': 'int'에서 'GLfloat'(으)로 변환하면서 데이터가 손실될 수 있습니다.
c:\users\rnrjs\desktop\개발\openglfinal\rolling_cube\rolling_cube\main_cube.cpp(19): warning C4244: '인수': 'int'에서 'GLfloat'(으)로 변환하면서 데이터가 손실될 수 있습니다.
c:\users\rnrjs\desktop\개발\openglfinal\rolling_cube\rolling_cube\main_cube.cpp(25): warning C4244: '인수': 'int'에서 'GLfloat'(으)로 변환하면서 데이터가 손실될 수 있습니다.
c:\users\rnrjs\desktop\개발\openglfinal\rolling_cube\rolling_cube\main_cube.cpp(31): warning C4244: '인수': 'int'에서 'GLfloat'(으)로 변환하면서 데이터가 손실될 수 있습니다.
c:\users\rnrjs\desktop\개발\openglfinal\rolling_cube\rolling_cube\main_cube.cpp(117): warning C4244: '인수': 'int'에서 'GLfloat'(으)로 변환하면서 데이터가 손실될 수 있습니다.
c:\users\rnrjs\desktop\개발\openglfinal\rolling_cube\rolling_cube\main_cube.cpp(140): error C2857: /Ycstdafx.h 명령줄 옵션과 함께 지정한 '#include' 문이 소스 파일에 없습니다.
  maps.cpp
c:\users\rnrjs\desktop\개발\openglfinal\rolling_cube\rolling_cube\stdafx.h(10): warning C4005: 'WIN32_LEAN_AND_MEAN': 매크로 재정의
  c:\program files (x86)\windows kits\10\include\10.0.17134.0\um\gl\freeglut_std.h(58): note: 'WIN32_LEAN_AND_MEAN'의 이전 정의를 참조하십시오.
c:\users\rnrjs\desktop\개발\openglfinal\rolling_cube\rolling_cube\maps.cpp(14): warning C4244: '인수': 'int'에서 'GLfloat'(으)로 변환하면서 데이터가 손실될 수 있습니다.
c:\users\rnrjs\desktop\개발\openglfinal\rolling_cube\rolling_cube\maps.cpp(17): warning C4305: '인수': 'double'에서 'GLfloat'(으)로 잘립니다.
c:\users\rnrjs\desktop\개발\openglfinal\rolling_cube\rolling_cube\maps.cpp(104): warning C4244: '인수': 'int'에서 'GLfloat'(으)로 변환하면서 데이터가 손실될 수 있습니다.
c:\users\rnrjs\desktop\개발\openglfinal\rolling_cube\rolling_cube\maps.cpp(124): error C2857: /Ycstdafx.h 명령줄 옵션과 함께 지정한 '#include' 문이 소스 파일에 없습니다.
  Sound.cpp
  stdafx.cpp
